<?xml version="1.0" encoding="UTF-8"?>
<!-- Generated by org.testng.reporters.JUnitXMLReporter -->
<testsuite hostname="DESKTOP-VTBT3RG" ignored="2" name="SanityTest" tests="3" failures="0" timestamp="2022-10-29T11:42:48 IST" time="28.369" errors="0">
  <testcase name="facebookloginandlogout" time="8.966" classname="Testcase.Facebooklogin"/>
  <testcase name="facebookloginandlogout" time="9.271" classname="Testcase.Facebooklogin"/>
  <testcase name="facebookloginandlogout" time="7.505" classname="Testcase.Facebooklogin"/>
  <testcase name="facebooklogin" time="0.0" classname="Testcase.Facebooklogin">
    <ignored/>
  </testcase> <!-- facebooklogin -->
  <testcase name="Logout" time="0.0" classname="Testcase.FaceabookLogout">
    <ignored/>
  </testcase> <!-- Logout -->
</testsuite> <!-- SanityTest -->
