<?xml version="1.0" encoding="UTF-8"?>
<!-- Generated by org.testng.reporters.JUnitXMLReporter -->
<testsuite hostname="DESKTOP-VTBT3RG" ignored="2" name="SanityTest" tests="2" failures="0" timestamp="2022-10-22T11:32:36 IST" time="0.053" errors="0">
  <testcase name="Testcase2" time="0.007" classname="TestNgpackage.Testngannotate"/>
  <testcase name="Testcase3" time="0.001" classname="TestNgpackage.TestngAnnotation2"/>
  <testcase name="Testcase4" time="0.0" classname="TestNgpackage.TestngAnnotaion3">
    <ignored/>
  </testcase> <!-- Testcase4 -->
  <testcase name="Testcase1" time="0.0" classname="TestNgpackage.Testngannotate">
    <ignored/>
  </testcase> <!-- Testcase1 -->
</testsuite> <!-- SanityTest -->
