<?xml version="1.0" encoding="UTF-8"?>
<testng-results skipped="0" failed="0" ignored="3" total="6" passed="3">
  <reporter-output>
  </reporter-output>
  <suite name="Suite" duration-ms="85690" started-at="2022-10-30T11:24:40 IST" finished-at="2022-10-30T11:26:06 IST">
    <groups>
    </groups>
    <test name="SanityTest" duration-ms="85690" started-at="2022-10-30T11:24:40 IST" finished-at="2022-10-30T11:26:06 IST">
      <class name="Testcase.Facebooklogin">
        <test-method status="PASS" signature="Browserlaunch()[pri:0, instance:Testcase.Facebooklogin@365185bd]" name="Browserlaunch" is-config="true" duration-ms="5212" started-at="2022-10-30T11:24:35 IST" finished-at="2022-10-30T11:24:40 IST">
          <reporter-output>
          </reporter-output>
        </test-method> <!-- Browserlaunch -->
        <test-method status="PASS" signature="FBURL()[pri:0, instance:Testcase.Facebooklogin@365185bd]" name="FBURL" is-config="true" duration-ms="1653" started-at="2022-10-30T11:24:40 IST" finished-at="2022-10-30T11:24:42 IST">
          <reporter-output>
          </reporter-output>
        </test-method> <!-- FBURL -->
        <test-method status="PASS" signature="facebookloginandlogoutPOM(java.lang.String,java.lang.String)[pri:1, instance:Testcase.Facebooklogin@365185bd]" name="facebookloginandlogoutPOM" duration-ms="65777" started-at="2022-10-30T11:24:42 IST" data-provider="fbtestdata" finished-at="2022-10-30T11:25:48 IST">
          <params>
            <param index="0">
              <value>
                <![CDATA[kumar.sathish189@gmail.com]]>
              </value>
            </param>
            <param index="1">
              <value>
                <![CDATA[TESt]]>
              </value>
            </param>
          </params>
          <reporter-output>
          </reporter-output>
        </test-method> <!-- facebookloginandlogoutPOM -->
        <test-method status="PASS" signature="facebookloginandlogoutPOM(java.lang.String,java.lang.String)[pri:1, instance:Testcase.Facebooklogin@365185bd]" name="facebookloginandlogoutPOM" duration-ms="9412" started-at="2022-10-30T11:25:48 IST" data-provider="fbtestdata" finished-at="2022-10-30T11:25:57 IST">
          <params>
            <param index="0">
              <value>
                <![CDATA[kumar.sathish189@gmail.com]]>
              </value>
            </param>
            <param index="1">
              <value>
                <![CDATA[Admin@123]]>
              </value>
            </param>
          </params>
          <reporter-output>
          </reporter-output>
        </test-method> <!-- facebookloginandlogoutPOM -->
        <test-method status="PASS" signature="facebookloginandlogoutPOM(java.lang.String,java.lang.String)[pri:1, instance:Testcase.Facebooklogin@365185bd]" name="facebookloginandlogoutPOM" duration-ms="8538" started-at="2022-10-30T11:25:57 IST" data-provider="fbtestdata" finished-at="2022-10-30T11:26:06 IST">
          <params>
            <param index="0">
              <value>
                <![CDATA[kumar.sathish189@gmail.com]]>
              </value>
            </param>
            <param index="1">
              <value>
                <![CDATA[Admin@123]]>
              </value>
            </param>
          </params>
          <reporter-output>
          </reporter-output>
        </test-method> <!-- facebookloginandlogoutPOM -->
        <test-method status="PASS" signature="teardown()[pri:0, instance:Testcase.Facebooklogin@365185bd]" name="teardown" is-config="true" duration-ms="1027" started-at="2022-10-30T11:26:06 IST" finished-at="2022-10-30T11:26:07 IST">
          <reporter-output>
          </reporter-output>
        </test-method> <!-- teardown -->
      </class> <!-- Testcase.Facebooklogin -->
    </test> <!-- SanityTest -->
  </suite> <!-- Suite -->
</testng-results>
