<?xml version="1.0" encoding="UTF-8"?>
<testng-results skipped="0" failed="0" ignored="2" total="4" passed="2">
  <reporter-output>
  </reporter-output>
  <suite name="Suite" duration-ms="53" started-at="2022-10-22T11:32:36 IST" finished-at="2022-10-22T11:32:36 IST">
    <groups>
      <group name="SIT">
        <method signature="TestngAnnotation2.Testcase3()[pri:0, instance:TestNgpackage.TestngAnnotation2@a74868d]" name="Testcase3" class="TestNgpackage.TestngAnnotation2"/>
        <method signature="Testngannotate.Testcase2()[pri:0, instance:TestNgpackage.Testngannotate@289d1c02]" name="Testcase2" class="TestNgpackage.Testngannotate"/>
      </group> <!-- SIT -->
    </groups>
    <test name="SanityTest" duration-ms="53" started-at="2022-10-22T11:32:36 IST" finished-at="2022-10-22T11:32:36 IST">
      <class name="TestNgpackage.TestngAnnotation2">
        <test-method status="PASS" signature="Testcase3()[pri:0, instance:TestNgpackage.TestngAnnotation2@a74868d]" name="Testcase3" duration-ms="1" started-at="2022-10-22T11:32:36 IST" finished-at="2022-10-22T11:32:36 IST">
          <reporter-output>
          </reporter-output>
        </test-method> <!-- Testcase3 -->
      </class> <!-- TestNgpackage.TestngAnnotation2 -->
      <class name="TestNgpackage.Testngannotate">
        <test-method status="PASS" signature="beforesuite()[pri:0, instance:TestNgpackage.Testngannotate@289d1c02]" name="beforesuite" is-config="true" duration-ms="7" started-at="2022-10-22T11:32:36 IST" finished-at="2022-10-22T11:32:36 IST">
          <reporter-output>
          </reporter-output>
        </test-method> <!-- beforesuite -->
        <test-method status="PASS" signature="beforetest()[pri:0, instance:TestNgpackage.Testngannotate@289d1c02]" name="beforetest" is-config="true" duration-ms="0" started-at="2022-10-22T11:32:36 IST" finished-at="2022-10-22T11:32:36 IST">
          <reporter-output>
          </reporter-output>
        </test-method> <!-- beforetest -->
        <test-method status="PASS" signature="beforeclass()[pri:0, instance:TestNgpackage.Testngannotate@289d1c02]" name="beforeclass" is-config="true" duration-ms="0" started-at="2022-10-22T11:32:36 IST" finished-at="2022-10-22T11:32:36 IST">
          <reporter-output>
          </reporter-output>
        </test-method> <!-- beforeclass -->
        <test-method status="PASS" signature="BeforeMethod()[pri:0, instance:TestNgpackage.Testngannotate@289d1c02]" name="BeforeMethod" is-config="true" duration-ms="1" started-at="2022-10-22T11:32:36 IST" finished-at="2022-10-22T11:32:36 IST">
          <reporter-output>
          </reporter-output>
        </test-method> <!-- BeforeMethod -->
        <test-method status="PASS" signature="Testcase2()[pri:0, instance:TestNgpackage.Testngannotate@289d1c02]" name="Testcase2" duration-ms="7" started-at="2022-10-22T11:32:36 IST" finished-at="2022-10-22T11:32:36 IST">
          <reporter-output>
          </reporter-output>
        </test-method> <!-- Testcase2 -->
        <test-method status="PASS" signature="aftermethod()[pri:0, instance:TestNgpackage.Testngannotate@289d1c02]" name="aftermethod" is-config="true" duration-ms="0" started-at="2022-10-22T11:32:36 IST" finished-at="2022-10-22T11:32:36 IST">
          <reporter-output>
          </reporter-output>
        </test-method> <!-- aftermethod -->
        <test-method status="PASS" signature="afterclass()[pri:0, instance:TestNgpackage.Testngannotate@289d1c02]" name="afterclass" is-config="true" duration-ms="0" started-at="2022-10-22T11:32:36 IST" finished-at="2022-10-22T11:32:36 IST">
          <reporter-output>
          </reporter-output>
        </test-method> <!-- afterclass -->
        <test-method status="PASS" signature="aftertest()[pri:0, instance:TestNgpackage.Testngannotate@289d1c02]" name="aftertest" is-config="true" duration-ms="0" started-at="2022-10-22T11:32:36 IST" finished-at="2022-10-22T11:32:36 IST">
          <reporter-output>
          </reporter-output>
        </test-method> <!-- aftertest -->
        <test-method status="PASS" signature="aftersuite()[pri:0, instance:TestNgpackage.Testngannotate@289d1c02]" name="aftersuite" is-config="true" duration-ms="1" started-at="2022-10-22T11:32:36 IST" finished-at="2022-10-22T11:32:36 IST">
          <reporter-output>
          </reporter-output>
        </test-method> <!-- aftersuite -->
      </class> <!-- TestNgpackage.Testngannotate -->
    </test> <!-- SanityTest -->
  </suite> <!-- Suite -->
</testng-results>
